Feb 05, 2019 3:35:01 PM org.apache.catalina.startup.VersionLoggerListener log
INFO: Server version:        Apache Tomcat/7.0.81
Feb 05, 2019 3:35:01 PM org.apache.catalina.startup.VersionLoggerListener log
INFO: Server built:          Aug 11 2017 10:21:27 UTC
Feb 05, 2019 3:35:01 PM org.apache.catalina.startup.VersionLoggerListener log
INFO: Server number:         7.0.81.0
Feb 05, 2019 3:35:01 PM org.apache.catalina.startup.VersionLoggerListener log
INFO: OS Name:               Windows 10
Feb 05, 2019 3:35:01 PM org.apache.catalina.startup.VersionLoggerListener log
INFO: OS Version:            10.0
Feb 05, 2019 3:35:01 PM org.apache.catalina.startup.VersionLoggerListener log
INFO: Architecture:          amd64
Feb 05, 2019 3:35:01 PM org.apache.catalina.startup.VersionLoggerListener log
INFO: Java Home:             C:\Program Files\Java\jre1.8.0_201
Feb 05, 2019 3:35:01 PM org.apache.catalina.startup.VersionLoggerListener log
INFO: JVM Version:           1.8.0_201-b09
Feb 05, 2019 3:35:01 PM org.apache.catalina.startup.VersionLoggerListener log
INFO: JVM Vendor:            Oracle Corporation
Feb 05, 2019 3:35:01 PM org.apache.catalina.startup.VersionLoggerListener log
INFO: CATALINA_BASE:         C:\tomcat
Feb 05, 2019 3:35:01 PM org.apache.catalina.startup.VersionLoggerListener log
INFO: CATALINA_HOME:         C:\tomcat
Feb 05, 2019 3:35:01 PM org.apache.catalina.startup.VersionLoggerListener log
INFO: Command line argument: -Djava.util.logging.config.file=C:\tomcat\conf\logging.properties
Feb 05, 2019 3:35:01 PM org.apache.catalina.startup.VersionLoggerListener log
INFO: Command line argument: -Djava.util.logging.manager=org.apache.juli.ClassLoaderLogManager
Feb 05, 2019 3:35:01 PM org.apache.catalina.startup.VersionLoggerListener log
INFO: Command line argument: -Djdk.tls.ephemeralDHKeySize=2048
Feb 05, 2019 3:35:01 PM org.apache.catalina.startup.VersionLoggerListener log
INFO: Command line argument: -Djava.endorsed.dirs=C:\tomcat\endorsed
Feb 05, 2019 3:35:01 PM org.apache.catalina.startup.VersionLoggerListener log
INFO: Command line argument: -Dcatalina.base=C:\tomcat
Feb 05, 2019 3:35:01 PM org.apache.catalina.startup.VersionLoggerListener log
INFO: Command line argument: -Dcatalina.home=C:\tomcat
Feb 05, 2019 3:35:01 PM org.apache.catalina.startup.VersionLoggerListener log
INFO: Command line argument: -Djava.io.tmpdir=C:\tomcat\temp
Feb 05, 2019 3:35:01 PM org.apache.catalina.core.AprLifecycleListener lifecycleEvent
INFO: Loaded APR based Apache Tomcat Native library 1.2.12 using APR version 1.5.2.
Feb 05, 2019 3:35:01 PM org.apache.catalina.core.AprLifecycleListener lifecycleEvent
INFO: APR capabilities: IPv6 [true], sendfile [true], accept filters [false], random [true].
Feb 05, 2019 3:35:02 PM org.apache.catalina.core.AprLifecycleListener initializeSSL
INFO: OpenSSL successfully initialized (OpenSSL 1.0.2k  26 Jan 2017)
Feb 05, 2019 3:35:03 PM org.apache.coyote.AbstractProtocol init
INFO: Initializing ProtocolHandler ["http-apr-8080"]
Feb 05, 2019 3:35:03 PM org.apache.coyote.AbstractProtocol init
INFO: Initializing ProtocolHandler ["ajp-apr-8009"]
Feb 05, 2019 3:35:03 PM org.apache.catalina.startup.Catalina load
INFO: Initialization processed in 4071 ms
Feb 05, 2019 3:35:04 PM org.apache.catalina.core.StandardService startInternal
INFO: Starting service Catalina
Feb 05, 2019 3:35:04 PM org.apache.catalina.core.StandardEngine startInternal
INFO: Starting Servlet Engine: Apache Tomcat/7.0.81
Feb 05, 2019 3:35:04 PM org.apache.catalina.startup.HostConfig deployDirectory
INFO: Deploying web application directory C:\tomcat\webapps\docs
Feb 05, 2019 3:35:06 PM org.apache.catalina.util.SessionIdGeneratorBase createSecureRandom
WARNING: Creation of SecureRandom instance for session ID generation using [SHA1PRNG] took [203] milliseconds.
Feb 05, 2019 3:35:06 PM org.apache.catalina.startup.HostConfig deployDirectory
INFO: Deployment of web application directory C:\tomcat\webapps\docs has finished in 2,004 ms
Feb 05, 2019 3:35:06 PM org.apache.catalina.startup.HostConfig deployDirectory
INFO: Deploying web application directory C:\tomcat\webapps\examples
Feb 05, 2019 3:35:07 PM org.apache.catalina.startup.HostConfig deployDirectory
INFO: Deployment of web application directory C:\tomcat\webapps\examples has finished in 1,265 ms
Feb 05, 2019 3:35:07 PM org.apache.catalina.startup.HostConfig deployDirectory
INFO: Deploying web application directory C:\tomcat\webapps\host-manager
Feb 05, 2019 3:35:07 PM org.apache.catalina.startup.HostConfig deployDirectory
INFO: Deployment of web application directory C:\tomcat\webapps\host-manager has finished in 110 ms
Feb 05, 2019 3:35:07 PM org.apache.catalina.startup.HostConfig deployDirectory
INFO: Deploying web application directory C:\tomcat\webapps\manager
Feb 05, 2019 3:35:07 PM org.apache.catalina.startup.HostConfig deployDirectory
INFO: Deployment of web application directory C:\tomcat\webapps\manager has finished in 141 ms
Feb 05, 2019 3:35:07 PM org.apache.catalina.startup.HostConfig deployDirectory
INFO: Deploying web application directory C:\tomcat\webapps\ROOT
Feb 05, 2019 3:35:07 PM org.apache.catalina.startup.HostConfig deployDirectory
INFO: Deployment of web application directory C:\tomcat\webapps\ROOT has finished in 94 ms
Feb 05, 2019 3:35:07 PM org.apache.coyote.AbstractProtocol start
INFO: Starting ProtocolHandler ["http-apr-8080"]
Feb 05, 2019 3:35:08 PM org.apache.coyote.AbstractProtocol start
INFO: Starting ProtocolHandler ["ajp-apr-8009"]
Feb 05, 2019 3:35:08 PM org.apache.catalina.startup.Catalina start
INFO: Server startup in 4378 ms
Feb 05, 2019 3:39:08 PM org.apache.catalina.startup.HostConfig deployDirectory
INFO: Deploying web application directory C:\tomcat\webapps\midp
Feb 05, 2019 3:39:08 PM org.apache.catalina.startup.HostConfig deployDirectory
INFO: Deployment of web application directory C:\tomcat\webapps\midp has finished in 292 ms
Feb 05, 2019 3:39:53 PM org.apache.catalina.startup.Catalina stopServer
SEVERE: Could not contact localhost:8005. Tomcat may not be running.
Feb 05, 2019 3:39:53 PM org.apache.catalina.startup.Catalina stopServer
SEVERE: Catalina.stop: 
java.net.ConnectException: Connection refused: connect
	at java.net.DualStackPlainSocketImpl.connect0(Native Method)
	at java.net.DualStackPlainSocketImpl.socketConnect(Unknown Source)
	at java.net.AbstractPlainSocketImpl.doConnect(Unknown Source)
	at java.net.AbstractPlainSocketImpl.connectToAddress(Unknown Source)
	at java.net.AbstractPlainSocketImpl.connect(Unknown Source)
	at java.net.PlainSocketImpl.connect(Unknown Source)
	at java.net.SocksSocketImpl.connect(Unknown Source)
	at java.net.Socket.connect(Unknown Source)
	at java.net.Socket.connect(Unknown Source)
	at java.net.Socket.<init>(Unknown Source)
	at java.net.Socket.<init>(Unknown Source)
	at org.apache.catalina.startup.Catalina.stopServer(Catalina.java:499)
	at sun.reflect.NativeMethodAccessorImpl.invoke0(Native Method)
	at sun.reflect.NativeMethodAccessorImpl.invoke(Unknown Source)
	at sun.reflect.DelegatingMethodAccessorImpl.invoke(Unknown Source)
	at java.lang.reflect.Method.invoke(Unknown Source)
	at org.apache.catalina.startup.Bootstrap.stopServer(Bootstrap.java:343)
	at org.apache.catalina.startup.Bootstrap.main(Bootstrap.java:430)

Feb 05, 2019 3:40:06 PM org.apache.catalina.startup.VersionLoggerListener log
INFO: Server version:        Apache Tomcat/7.0.81
Feb 05, 2019 3:40:06 PM org.apache.catalina.startup.VersionLoggerListener log
INFO: Server built:          Aug 11 2017 10:21:27 UTC
Feb 05, 2019 3:40:06 PM org.apache.catalina.startup.VersionLoggerListener log
INFO: Server number:         7.0.81.0
Feb 05, 2019 3:40:06 PM org.apache.catalina.startup.VersionLoggerListener log
INFO: OS Name:               Windows 10
Feb 05, 2019 3:40:06 PM org.apache.catalina.startup.VersionLoggerListener log
INFO: OS Version:            10.0
Feb 05, 2019 3:40:06 PM org.apache.catalina.startup.VersionLoggerListener log
INFO: Architecture:          amd64
Feb 05, 2019 3:40:06 PM org.apache.catalina.startup.VersionLoggerListener log
INFO: Java Home:             C:\Program Files\Java\jre1.8.0_201
Feb 05, 2019 3:40:06 PM org.apache.catalina.startup.VersionLoggerListener log
INFO: JVM Version:           1.8.0_201-b09
Feb 05, 2019 3:40:06 PM org.apache.catalina.startup.VersionLoggerListener log
INFO: JVM Vendor:            Oracle Corporation
Feb 05, 2019 3:40:06 PM org.apache.catalina.startup.VersionLoggerListener log
INFO: CATALINA_BASE:         C:\tomcat
Feb 05, 2019 3:40:06 PM org.apache.catalina.startup.VersionLoggerListener log
INFO: CATALINA_HOME:         C:\tomcat
Feb 05, 2019 3:40:06 PM org.apache.catalina.startup.VersionLoggerListener log
INFO: Command line argument: -Djava.util.logging.config.file=C:\tomcat\conf\logging.properties
Feb 05, 2019 3:40:06 PM org.apache.catalina.startup.VersionLoggerListener log
INFO: Command line argument: -Djava.util.logging.manager=org.apache.juli.ClassLoaderLogManager
Feb 05, 2019 3:40:06 PM org.apache.catalina.startup.VersionLoggerListener log
INFO: Command line argument: -Djdk.tls.ephemeralDHKeySize=2048
Feb 05, 2019 3:40:06 PM org.apache.catalina.startup.VersionLoggerListener log
INFO: Command line argument: -Djava.endorsed.dirs=C:\tomcat\endorsed
Feb 05, 2019 3:40:06 PM org.apache.catalina.startup.VersionLoggerListener log
INFO: Command line argument: -Dcatalina.base=C:\tomcat
Feb 05, 2019 3:40:06 PM org.apache.catalina.startup.VersionLoggerListener log
INFO: Command line argument: -Dcatalina.home=C:\tomcat
Feb 05, 2019 3:40:06 PM org.apache.catalina.startup.VersionLoggerListener log
INFO: Command line argument: -Djava.io.tmpdir=C:\tomcat\temp
Feb 05, 2019 3:40:06 PM org.apache.catalina.core.AprLifecycleListener lifecycleEvent
INFO: Loaded APR based Apache Tomcat Native library 1.2.12 using APR version 1.5.2.
Feb 05, 2019 3:40:06 PM org.apache.catalina.core.AprLifecycleListener lifecycleEvent
INFO: APR capabilities: IPv6 [true], sendfile [true], accept filters [false], random [true].
Feb 05, 2019 3:40:07 PM org.apache.catalina.core.AprLifecycleListener initializeSSL
INFO: OpenSSL successfully initialized (OpenSSL 1.0.2k  26 Jan 2017)
Feb 05, 2019 3:40:08 PM org.apache.coyote.AbstractProtocol init
INFO: Initializing ProtocolHandler ["http-apr-8080"]
Feb 05, 2019 3:40:08 PM org.apache.coyote.AbstractProtocol init
INFO: Initializing ProtocolHandler ["ajp-apr-8009"]
Feb 05, 2019 3:40:08 PM org.apache.catalina.startup.Catalina load
INFO: Initialization processed in 1918 ms
Feb 05, 2019 3:40:08 PM org.apache.catalina.core.StandardService startInternal
INFO: Starting service Catalina
Feb 05, 2019 3:40:08 PM org.apache.catalina.core.StandardEngine startInternal
INFO: Starting Servlet Engine: Apache Tomcat/7.0.81
Feb 05, 2019 3:40:08 PM org.apache.catalina.startup.HostConfig deployDirectory
INFO: Deploying web application directory C:\tomcat\webapps\docs
Feb 05, 2019 3:40:08 PM org.apache.catalina.util.SessionIdGeneratorBase createSecureRandom
WARNING: Creation of SecureRandom instance for session ID generation using [SHA1PRNG] took [190] milliseconds.
Feb 05, 2019 3:40:08 PM org.apache.catalina.startup.HostConfig deployDirectory
INFO: Deployment of web application directory C:\tomcat\webapps\docs has finished in 565 ms
Feb 05, 2019 3:40:08 PM org.apache.catalina.startup.HostConfig deployDirectory
INFO: Deploying web application directory C:\tomcat\webapps\examples
Feb 05, 2019 3:40:09 PM org.apache.catalina.startup.HostConfig deployDirectory
INFO: Deployment of web application directory C:\tomcat\webapps\examples has finished in 500 ms
Feb 05, 2019 3:40:09 PM org.apache.catalina.startup.HostConfig deployDirectory
INFO: Deploying web application directory C:\tomcat\webapps\host-manager
Feb 05, 2019 3:40:09 PM org.apache.catalina.startup.HostConfig deployDirectory
INFO: Deployment of web application directory C:\tomcat\webapps\host-manager has finished in 94 ms
Feb 05, 2019 3:40:09 PM org.apache.catalina.startup.HostConfig deployDirectory
INFO: Deploying web application directory C:\tomcat\webapps\manager
Feb 05, 2019 3:40:09 PM org.apache.catalina.startup.HostConfig deployDirectory
INFO: Deployment of web application directory C:\tomcat\webapps\manager has finished in 123 ms
Feb 05, 2019 3:40:09 PM org.apache.catalina.startup.HostConfig deployDirectory
INFO: Deploying web application directory C:\tomcat\webapps\midp
Feb 05, 2019 3:40:09 PM org.apache.catalina.startup.HostConfig deployDirectory
INFO: Deployment of web application directory C:\tomcat\webapps\midp has finished in 102 ms
Feb 05, 2019 3:40:09 PM org.apache.catalina.startup.HostConfig deployDirectory
INFO: Deploying web application directory C:\tomcat\webapps\ROOT
Feb 05, 2019 3:40:09 PM org.apache.catalina.startup.HostConfig deployDirectory
INFO: Deployment of web application directory C:\tomcat\webapps\ROOT has finished in 47 ms
Feb 05, 2019 3:40:09 PM org.apache.coyote.AbstractProtocol start
INFO: Starting ProtocolHandler ["http-apr-8080"]
Feb 05, 2019 3:40:09 PM org.apache.coyote.AbstractProtocol start
INFO: Starting ProtocolHandler ["ajp-apr-8009"]
Feb 05, 2019 3:40:09 PM org.apache.catalina.startup.Catalina start
INFO: Server startup in 1539 ms
Feb 05, 2019 3:42:33 PM org.apache.coyote.http11.AbstractHttp11Processor process
INFO: Error parsing HTTP request header
 Note: further occurrences of HTTP header parsing errors will be logged at DEBUG level.
java.lang.IllegalArgumentException: Invalid character found in method name. HTTP method names must be tokens
	at org.apache.coyote.http11.InternalAprInputBuffer.parseRequestLine(InternalAprInputBuffer.java:182)
	at org.apache.coyote.http11.AbstractHttp11Processor.process(AbstractHttp11Processor.java:1028)
	at org.apache.coyote.AbstractProtocol$AbstractConnectionHandler.process(AbstractProtocol.java:637)
	at org.apache.tomcat.util.net.AprEndpoint$SocketProcessor.doRun(AprEndpoint.java:2549)
	at org.apache.tomcat.util.net.AprEndpoint$SocketProcessor.run(AprEndpoint.java:2538)
	at java.util.concurrent.ThreadPoolExecutor.runWorker(Unknown Source)
	at java.util.concurrent.ThreadPoolExecutor$Worker.run(Unknown Source)
	at org.apache.tomcat.util.threads.TaskThread$WrappingRunnable.run(TaskThread.java:61)
	at java.lang.Thread.run(Unknown Source)

Feb 05, 2019 3:42:33 PM org.apache.coyote.http11.AbstractHttp11Processor process
INFO: Error parsing HTTP request header
 Note: further occurrences of HTTP header parsing errors will be logged at DEBUG level.
java.lang.IllegalArgumentException: Invalid character found in method name. HTTP method names must be tokens
	at org.apache.coyote.http11.InternalAprInputBuffer.parseRequestLine(InternalAprInputBuffer.java:182)
	at org.apache.coyote.http11.AbstractHttp11Processor.process(AbstractHttp11Processor.java:1028)
	at org.apache.coyote.AbstractProtocol$AbstractConnectionHandler.process(AbstractProtocol.java:637)
	at org.apache.tomcat.util.net.AprEndpoint$SocketProcessor.doRun(AprEndpoint.java:2549)
	at org.apache.tomcat.util.net.AprEndpoint$SocketProcessor.run(AprEndpoint.java:2538)
	at java.util.concurrent.ThreadPoolExecutor.runWorker(Unknown Source)
	at java.util.concurrent.ThreadPoolExecutor$Worker.run(Unknown Source)
	at org.apache.tomcat.util.threads.TaskThread$WrappingRunnable.run(TaskThread.java:61)
	at java.lang.Thread.run(Unknown Source)

Feb 05, 2019 3:42:33 PM org.apache.coyote.http11.AbstractHttp11Processor process
INFO: Error parsing HTTP request header
 Note: further occurrences of HTTP header parsing errors will be logged at DEBUG level.
java.lang.IllegalArgumentException: Invalid character found in method name. HTTP method names must be tokens
	at org.apache.coyote.http11.InternalAprInputBuffer.parseRequestLine(InternalAprInputBuffer.java:182)
	at org.apache.coyote.http11.AbstractHttp11Processor.process(AbstractHttp11Processor.java:1028)
	at org.apache.coyote.AbstractProtocol$AbstractConnectionHandler.process(AbstractProtocol.java:637)
	at org.apache.tomcat.util.net.AprEndpoint$SocketProcessor.doRun(AprEndpoint.java:2549)
	at org.apache.tomcat.util.net.AprEndpoint$SocketProcessor.run(AprEndpoint.java:2538)
	at java.util.concurrent.ThreadPoolExecutor.runWorker(Unknown Source)
	at java.util.concurrent.ThreadPoolExecutor$Worker.run(Unknown Source)
	at org.apache.tomcat.util.threads.TaskThread$WrappingRunnable.run(TaskThread.java:61)
	at java.lang.Thread.run(Unknown Source)

Feb 05, 2019 3:45:04 PM org.apache.catalina.core.StandardServer await
INFO: A valid shutdown command was received via the shutdown port. Stopping the Server instance.
Feb 05, 2019 3:45:04 PM org.apache.coyote.AbstractProtocol pause
INFO: Pausing ProtocolHandler ["http-apr-8080"]
Feb 05, 2019 3:45:04 PM org.apache.coyote.AbstractProtocol pause
INFO: Pausing ProtocolHandler ["ajp-apr-8009"]
Feb 05, 2019 3:45:04 PM org.apache.catalina.core.StandardService stopInternal
INFO: Stopping service Catalina
Feb 05, 2019 3:45:04 PM org.apache.coyote.AbstractProtocol stop
INFO: Stopping ProtocolHandler ["http-apr-8080"]
Feb 05, 2019 3:45:04 PM org.apache.coyote.AbstractProtocol stop
INFO: Stopping ProtocolHandler ["ajp-apr-8009"]
Feb 05, 2019 3:45:04 PM org.apache.coyote.AbstractProtocol destroy
INFO: Destroying ProtocolHandler ["http-apr-8080"]
Feb 05, 2019 3:45:04 PM org.apache.coyote.AbstractProtocol destroy
INFO: Destroying ProtocolHandler ["ajp-apr-8009"]
Feb 05, 2019 3:45:08 PM org.apache.catalina.startup.VersionLoggerListener log
INFO: Server version:        Apache Tomcat/7.0.81
Feb 05, 2019 3:45:08 PM org.apache.catalina.startup.VersionLoggerListener log
INFO: Server built:          Aug 11 2017 10:21:27 UTC
Feb 05, 2019 3:45:08 PM org.apache.catalina.startup.VersionLoggerListener log
INFO: Server number:         7.0.81.0
Feb 05, 2019 3:45:08 PM org.apache.catalina.startup.VersionLoggerListener log
INFO: OS Name:               Windows 10
Feb 05, 2019 3:45:08 PM org.apache.catalina.startup.VersionLoggerListener log
INFO: OS Version:            10.0
Feb 05, 2019 3:45:08 PM org.apache.catalina.startup.VersionLoggerListener log
INFO: Architecture:          amd64
Feb 05, 2019 3:45:08 PM org.apache.catalina.startup.VersionLoggerListener log
INFO: Java Home:             C:\Program Files\Java\jre1.8.0_201
Feb 05, 2019 3:45:08 PM org.apache.catalina.startup.VersionLoggerListener log
INFO: JVM Version:           1.8.0_201-b09
Feb 05, 2019 3:45:08 PM org.apache.catalina.startup.VersionLoggerListener log
INFO: JVM Vendor:            Oracle Corporation
Feb 05, 2019 3:45:08 PM org.apache.catalina.startup.VersionLoggerListener log
INFO: CATALINA_BASE:         C:\tomcat
Feb 05, 2019 3:45:08 PM org.apache.catalina.startup.VersionLoggerListener log
INFO: CATALINA_HOME:         C:\tomcat
Feb 05, 2019 3:45:08 PM org.apache.catalina.startup.VersionLoggerListener log
INFO: Command line argument: -Djava.util.logging.config.file=C:\tomcat\conf\logging.properties
Feb 05, 2019 3:45:08 PM org.apache.catalina.startup.VersionLoggerListener log
INFO: Command line argument: -Djava.util.logging.manager=org.apache.juli.ClassLoaderLogManager
Feb 05, 2019 3:45:08 PM org.apache.catalina.startup.VersionLoggerListener log
INFO: Command line argument: -Djdk.tls.ephemeralDHKeySize=2048
Feb 05, 2019 3:45:08 PM org.apache.catalina.startup.VersionLoggerListener log
INFO: Command line argument: -Djava.endorsed.dirs=C:\tomcat\endorsed
Feb 05, 2019 3:45:08 PM org.apache.catalina.startup.VersionLoggerListener log
INFO: Command line argument: -Dcatalina.base=C:\tomcat
Feb 05, 2019 3:45:08 PM org.apache.catalina.startup.VersionLoggerListener log
INFO: Command line argument: -Dcatalina.home=C:\tomcat
Feb 05, 2019 3:45:08 PM org.apache.catalina.startup.VersionLoggerListener log
INFO: Command line argument: -Djava.io.tmpdir=C:\tomcat\temp
Feb 05, 2019 3:45:08 PM org.apache.catalina.core.AprLifecycleListener lifecycleEvent
INFO: Loaded APR based Apache Tomcat Native library 1.2.12 using APR version 1.5.2.
Feb 05, 2019 3:45:08 PM org.apache.catalina.core.AprLifecycleListener lifecycleEvent
INFO: APR capabilities: IPv6 [true], sendfile [true], accept filters [false], random [true].
Feb 05, 2019 3:45:09 PM org.apache.catalina.core.AprLifecycleListener initializeSSL
INFO: OpenSSL successfully initialized (OpenSSL 1.0.2k  26 Jan 2017)
Feb 05, 2019 3:45:09 PM org.apache.coyote.AbstractProtocol init
INFO: Initializing ProtocolHandler ["http-apr-8080"]
Feb 05, 2019 3:45:09 PM org.apache.coyote.AbstractProtocol init
INFO: Initializing ProtocolHandler ["ajp-apr-8009"]
Feb 05, 2019 3:45:09 PM org.apache.catalina.startup.Catalina load
INFO: Initialization processed in 1973 ms
Feb 05, 2019 3:45:09 PM org.apache.catalina.core.StandardService startInternal
INFO: Starting service Catalina
Feb 05, 2019 3:45:09 PM org.apache.catalina.core.StandardEngine startInternal
INFO: Starting Servlet Engine: Apache Tomcat/7.0.81
Feb 05, 2019 3:45:09 PM org.apache.catalina.startup.HostConfig deployDirectory
INFO: Deploying web application directory C:\tomcat\webapps\docs
Feb 05, 2019 3:45:10 PM org.apache.catalina.util.SessionIdGeneratorBase createSecureRandom
WARNING: Creation of SecureRandom instance for session ID generation using [SHA1PRNG] took [187] milliseconds.
Feb 05, 2019 3:45:10 PM org.apache.catalina.startup.HostConfig deployDirectory
INFO: Deployment of web application directory C:\tomcat\webapps\docs has finished in 636 ms
Feb 05, 2019 3:45:10 PM org.apache.catalina.startup.HostConfig deployDirectory
INFO: Deploying web application directory C:\tomcat\webapps\examples
Feb 05, 2019 3:45:10 PM org.apache.catalina.startup.HostConfig deployDirectory
INFO: Deployment of web application directory C:\tomcat\webapps\examples has finished in 514 ms
Feb 05, 2019 3:45:10 PM org.apache.catalina.startup.HostConfig deployDirectory
INFO: Deploying web application directory C:\tomcat\webapps\host-manager
Feb 05, 2019 3:45:11 PM org.apache.catalina.startup.HostConfig deployDirectory
INFO: Deployment of web application directory C:\tomcat\webapps\host-manager has finished in 132 ms
Feb 05, 2019 3:45:11 PM org.apache.catalina.startup.HostConfig deployDirectory
INFO: Deploying web application directory C:\tomcat\webapps\manager
Feb 05, 2019 3:45:11 PM org.apache.catalina.startup.HostConfig deployDirectory
INFO: Deployment of web application directory C:\tomcat\webapps\manager has finished in 109 ms
Feb 05, 2019 3:45:11 PM org.apache.catalina.startup.HostConfig deployDirectory
INFO: Deploying web application directory C:\tomcat\webapps\midp
Feb 05, 2019 3:45:11 PM org.apache.catalina.startup.HostConfig deployDirectory
INFO: Deployment of web application directory C:\tomcat\webapps\midp has finished in 109 ms
Feb 05, 2019 3:45:11 PM org.apache.catalina.startup.HostConfig deployDirectory
INFO: Deploying web application directory C:\tomcat\webapps\ROOT
Feb 05, 2019 3:45:11 PM org.apache.catalina.startup.HostConfig deployDirectory
INFO: Deployment of web application directory C:\tomcat\webapps\ROOT has finished in 63 ms
Feb 05, 2019 3:45:11 PM org.apache.coyote.AbstractProtocol start
INFO: Starting ProtocolHandler ["http-apr-8080"]
Feb 05, 2019 3:45:11 PM org.apache.coyote.AbstractProtocol start
INFO: Starting ProtocolHandler ["ajp-apr-8009"]
Feb 05, 2019 3:45:11 PM org.apache.catalina.startup.Catalina start
INFO: Server startup in 1697 ms
Feb 05, 2019 3:45:40 PM org.apache.coyote.http11.AbstractHttp11Processor process
INFO: Error parsing HTTP request header
 Note: further occurrences of HTTP header parsing errors will be logged at DEBUG level.
java.lang.IllegalArgumentException: Invalid character found in method name. HTTP method names must be tokens
	at org.apache.coyote.http11.InternalAprInputBuffer.parseRequestLine(InternalAprInputBuffer.java:182)
	at org.apache.coyote.http11.AbstractHttp11Processor.process(AbstractHttp11Processor.java:1028)
	at org.apache.coyote.AbstractProtocol$AbstractConnectionHandler.process(AbstractProtocol.java:637)
	at org.apache.tomcat.util.net.AprEndpoint$SocketProcessor.doRun(AprEndpoint.java:2549)
	at org.apache.tomcat.util.net.AprEndpoint$SocketProcessor.run(AprEndpoint.java:2538)
	at java.util.concurrent.ThreadPoolExecutor.runWorker(Unknown Source)
	at java.util.concurrent.ThreadPoolExecutor$Worker.run(Unknown Source)
	at org.apache.tomcat.util.threads.TaskThread$WrappingRunnable.run(TaskThread.java:61)
	at java.lang.Thread.run(Unknown Source)

Feb 05, 2019 3:45:40 PM org.apache.coyote.http11.AbstractHttp11Processor process
INFO: Error parsing HTTP request header
 Note: further occurrences of HTTP header parsing errors will be logged at DEBUG level.
java.lang.IllegalArgumentException: Invalid character found in method name. HTTP method names must be tokens
	at org.apache.coyote.http11.InternalAprInputBuffer.parseRequestLine(InternalAprInputBuffer.java:182)
	at org.apache.coyote.http11.AbstractHttp11Processor.process(AbstractHttp11Processor.java:1028)
	at org.apache.coyote.AbstractProtocol$AbstractConnectionHandler.process(AbstractProtocol.java:637)
	at org.apache.tomcat.util.net.AprEndpoint$SocketProcessor.doRun(AprEndpoint.java:2549)
	at org.apache.tomcat.util.net.AprEndpoint$SocketProcessor.run(AprEndpoint.java:2538)
	at java.util.concurrent.ThreadPoolExecutor.runWorker(Unknown Source)
	at java.util.concurrent.ThreadPoolExecutor$Worker.run(Unknown Source)
	at org.apache.tomcat.util.threads.TaskThread$WrappingRunnable.run(TaskThread.java:61)
	at java.lang.Thread.run(Unknown Source)

Feb 05, 2019 4:05:10 PM org.apache.catalina.core.StandardServer await
INFO: A valid shutdown command was received via the shutdown port. Stopping the Server instance.
Feb 05, 2019 4:05:10 PM org.apache.coyote.AbstractProtocol pause
INFO: Pausing ProtocolHandler ["http-apr-8080"]
Feb 05, 2019 4:05:10 PM org.apache.coyote.AbstractProtocol pause
INFO: Pausing ProtocolHandler ["ajp-apr-8009"]
Feb 05, 2019 4:05:10 PM org.apache.catalina.core.StandardService stopInternal
INFO: Stopping service Catalina
Feb 05, 2019 4:05:10 PM org.apache.coyote.AbstractProtocol stop
INFO: Stopping ProtocolHandler ["http-apr-8080"]
Feb 05, 2019 4:05:10 PM org.apache.coyote.AbstractProtocol stop
INFO: Stopping ProtocolHandler ["ajp-apr-8009"]
Feb 05, 2019 4:05:10 PM org.apache.coyote.AbstractProtocol destroy
INFO: Destroying ProtocolHandler ["http-apr-8080"]
Feb 05, 2019 4:05:10 PM org.apache.coyote.AbstractProtocol destroy
INFO: Destroying ProtocolHandler ["ajp-apr-8009"]
Feb 05, 2019 4:10:50 PM org.apache.catalina.startup.VersionLoggerListener log
INFO: Server version:        Apache Tomcat/7.0.81
Feb 05, 2019 4:10:50 PM org.apache.catalina.startup.VersionLoggerListener log
INFO: Server built:          Aug 11 2017 10:21:27 UTC
Feb 05, 2019 4:10:50 PM org.apache.catalina.startup.VersionLoggerListener log
INFO: Server number:         7.0.81.0
Feb 05, 2019 4:10:50 PM org.apache.catalina.startup.VersionLoggerListener log
INFO: OS Name:               Windows 10
Feb 05, 2019 4:10:50 PM org.apache.catalina.startup.VersionLoggerListener log
INFO: OS Version:            10.0
Feb 05, 2019 4:10:50 PM org.apache.catalina.startup.VersionLoggerListener log
INFO: Architecture:          amd64
Feb 05, 2019 4:10:50 PM org.apache.catalina.startup.VersionLoggerListener log
INFO: Java Home:             C:\Program Files\Java\jre1.8.0_201
Feb 05, 2019 4:10:50 PM org.apache.catalina.startup.VersionLoggerListener log
INFO: JVM Version:           1.8.0_201-b09
Feb 05, 2019 4:10:50 PM org.apache.catalina.startup.VersionLoggerListener log
INFO: JVM Vendor:            Oracle Corporation
Feb 05, 2019 4:10:50 PM org.apache.catalina.startup.VersionLoggerListener log
INFO: CATALINA_BASE:         C:\tomcat
Feb 05, 2019 4:10:50 PM org.apache.catalina.startup.VersionLoggerListener log
INFO: CATALINA_HOME:         C:\tomcat
Feb 05, 2019 4:10:50 PM org.apache.catalina.startup.VersionLoggerListener log
INFO: Command line argument: -Djava.util.logging.config.file=C:\tomcat\conf\logging.properties
Feb 05, 2019 4:10:50 PM org.apache.catalina.startup.VersionLoggerListener log
INFO: Command line argument: -Djava.util.logging.manager=org.apache.juli.ClassLoaderLogManager
Feb 05, 2019 4:10:50 PM org.apache.catalina.startup.VersionLoggerListener log
INFO: Command line argument: -Djdk.tls.ephemeralDHKeySize=2048
Feb 05, 2019 4:10:50 PM org.apache.catalina.startup.VersionLoggerListener log
INFO: Command line argument: -Djava.endorsed.dirs=C:\tomcat\endorsed
Feb 05, 2019 4:10:50 PM org.apache.catalina.startup.VersionLoggerListener log
INFO: Command line argument: -Dcatalina.base=C:\tomcat
Feb 05, 2019 4:10:50 PM org.apache.catalina.startup.VersionLoggerListener log
INFO: Command line argument: -Dcatalina.home=C:\tomcat
Feb 05, 2019 4:10:50 PM org.apache.catalina.startup.VersionLoggerListener log
INFO: Command line argument: -Djava.io.tmpdir=C:\tomcat\temp
Feb 05, 2019 4:10:50 PM org.apache.catalina.core.AprLifecycleListener lifecycleEvent
INFO: Loaded APR based Apache Tomcat Native library 1.2.12 using APR version 1.5.2.
Feb 05, 2019 4:10:50 PM org.apache.catalina.core.AprLifecycleListener lifecycleEvent
INFO: APR capabilities: IPv6 [true], sendfile [true], accept filters [false], random [true].
Feb 05, 2019 4:10:51 PM org.apache.catalina.core.AprLifecycleListener initializeSSL
INFO: OpenSSL successfully initialized (OpenSSL 1.0.2k  26 Jan 2017)
Feb 05, 2019 4:10:51 PM org.apache.coyote.AbstractProtocol init
INFO: Initializing ProtocolHandler ["http-apr-8080"]
Feb 05, 2019 4:10:51 PM org.apache.coyote.AbstractProtocol init
INFO: Initializing ProtocolHandler ["ajp-apr-8009"]
Feb 05, 2019 4:10:51 PM org.apache.catalina.startup.Catalina load
INFO: Initialization processed in 1913 ms
Feb 05, 2019 4:10:51 PM org.apache.catalina.core.StandardService startInternal
INFO: Starting service Catalina
Feb 05, 2019 4:10:51 PM org.apache.catalina.core.StandardEngine startInternal
INFO: Starting Servlet Engine: Apache Tomcat/7.0.81
Feb 05, 2019 4:10:51 PM org.apache.catalina.startup.HostConfig deployDirectory
INFO: Deploying web application directory C:\tomcat\webapps\docs
Feb 05, 2019 4:10:52 PM org.apache.catalina.util.SessionIdGeneratorBase createSecureRandom
WARNING: Creation of SecureRandom instance for session ID generation using [SHA1PRNG] took [203] milliseconds.
Feb 05, 2019 4:10:52 PM org.apache.catalina.startup.HostConfig deployDirectory
INFO: Deployment of web application directory C:\tomcat\webapps\docs has finished in 578 ms
Feb 05, 2019 4:10:52 PM org.apache.catalina.startup.HostConfig deployDirectory
INFO: Deploying web application directory C:\tomcat\webapps\examples
Feb 05, 2019 4:10:52 PM org.apache.catalina.startup.HostConfig deployDirectory
INFO: Deployment of web application directory C:\tomcat\webapps\examples has finished in 501 ms
Feb 05, 2019 4:10:52 PM org.apache.catalina.startup.HostConfig deployDirectory
INFO: Deploying web application directory C:\tomcat\webapps\host-manager
Feb 05, 2019 4:10:52 PM org.apache.catalina.startup.HostConfig deployDirectory
INFO: Deployment of web application directory C:\tomcat\webapps\host-manager has finished in 94 ms
Feb 05, 2019 4:10:52 PM org.apache.catalina.startup.HostConfig deployDirectory
INFO: Deploying web application directory C:\tomcat\webapps\manager
Feb 05, 2019 4:10:52 PM org.apache.catalina.startup.HostConfig deployDirectory
INFO: Deployment of web application directory C:\tomcat\webapps\manager has finished in 125 ms
Feb 05, 2019 4:10:52 PM org.apache.catalina.startup.HostConfig deployDirectory
INFO: Deploying web application directory C:\tomcat\webapps\midp
Feb 05, 2019 4:10:53 PM org.apache.catalina.startup.HostConfig deployDirectory
INFO: Deployment of web application directory C:\tomcat\webapps\midp has finished in 109 ms
Feb 05, 2019 4:10:53 PM org.apache.catalina.startup.HostConfig deployDirectory
INFO: Deploying web application directory C:\tomcat\webapps\ROOT
Feb 05, 2019 4:10:53 PM org.apache.catalina.startup.HostConfig deployDirectory
INFO: Deployment of web application directory C:\tomcat\webapps\ROOT has finished in 62 ms
Feb 05, 2019 4:10:53 PM org.apache.coyote.AbstractProtocol start
INFO: Starting ProtocolHandler ["http-apr-8080"]
Feb 05, 2019 4:10:53 PM org.apache.coyote.AbstractProtocol start
INFO: Starting ProtocolHandler ["ajp-apr-8009"]
Feb 05, 2019 4:10:53 PM org.apache.catalina.startup.Catalina start
INFO: Server startup in 1583 ms
Feb 05, 2019 4:11:07 PM org.apache.coyote.http11.AbstractHttp11Processor process
INFO: Error parsing HTTP request header
 Note: further occurrences of HTTP header parsing errors will be logged at DEBUG level.
java.lang.IllegalArgumentException: Invalid character found in method name. HTTP method names must be tokens
	at org.apache.coyote.http11.InternalAprInputBuffer.parseRequestLine(InternalAprInputBuffer.java:182)
	at org.apache.coyote.http11.AbstractHttp11Processor.process(AbstractHttp11Processor.java:1028)
	at org.apache.coyote.AbstractProtocol$AbstractConnectionHandler.process(AbstractProtocol.java:637)
	at org.apache.tomcat.util.net.AprEndpoint$SocketProcessor.doRun(AprEndpoint.java:2549)
	at org.apache.tomcat.util.net.AprEndpoint$SocketProcessor.run(AprEndpoint.java:2538)
	at java.util.concurrent.ThreadPoolExecutor.runWorker(Unknown Source)
	at java.util.concurrent.ThreadPoolExecutor$Worker.run(Unknown Source)
	at org.apache.tomcat.util.threads.TaskThread$WrappingRunnable.run(TaskThread.java:61)
	at java.lang.Thread.run(Unknown Source)

Feb 05, 2019 4:11:07 PM org.apache.coyote.http11.AbstractHttp11Processor process
INFO: Error parsing HTTP request header
 Note: further occurrences of HTTP header parsing errors will be logged at DEBUG level.
java.lang.IllegalArgumentException: Invalid character found in method name. HTTP method names must be tokens
	at org.apache.coyote.http11.InternalAprInputBuffer.parseRequestLine(InternalAprInputBuffer.java:182)
	at org.apache.coyote.http11.AbstractHttp11Processor.process(AbstractHttp11Processor.java:1028)
	at org.apache.coyote.AbstractProtocol$AbstractConnectionHandler.process(AbstractProtocol.java:637)
	at org.apache.tomcat.util.net.AprEndpoint$SocketProcessor.doRun(AprEndpoint.java:2549)
	at org.apache.tomcat.util.net.AprEndpoint$SocketProcessor.run(AprEndpoint.java:2538)
	at java.util.concurrent.ThreadPoolExecutor.runWorker(Unknown Source)
	at java.util.concurrent.ThreadPoolExecutor$Worker.run(Unknown Source)
	at org.apache.tomcat.util.threads.TaskThread$WrappingRunnable.run(TaskThread.java:61)
	at java.lang.Thread.run(Unknown Source)

Feb 05, 2019 5:07:11 PM org.apache.catalina.startup.VersionLoggerListener log
INFO: Server version:        Apache Tomcat/7.0.81
Feb 05, 2019 5:07:11 PM org.apache.catalina.startup.VersionLoggerListener log
INFO: Server built:          Aug 11 2017 10:21:27 UTC
Feb 05, 2019 5:07:11 PM org.apache.catalina.startup.VersionLoggerListener log
INFO: Server number:         7.0.81.0
Feb 05, 2019 5:07:11 PM org.apache.catalina.startup.VersionLoggerListener log
INFO: OS Name:               Windows 10
Feb 05, 2019 5:07:11 PM org.apache.catalina.startup.VersionLoggerListener log
INFO: OS Version:            10.0
Feb 05, 2019 5:07:11 PM org.apache.catalina.startup.VersionLoggerListener log
INFO: Architecture:          amd64
Feb 05, 2019 5:07:11 PM org.apache.catalina.startup.VersionLoggerListener log
INFO: Java Home:             C:\Program Files\Java\jre1.8.0_201
Feb 05, 2019 5:07:11 PM org.apache.catalina.startup.VersionLoggerListener log
INFO: JVM Version:           1.8.0_201-b09
Feb 05, 2019 5:07:11 PM org.apache.catalina.startup.VersionLoggerListener log
INFO: JVM Vendor:            Oracle Corporation
Feb 05, 2019 5:07:11 PM org.apache.catalina.startup.VersionLoggerListener log
INFO: CATALINA_BASE:         C:\tomcat
Feb 05, 2019 5:07:11 PM org.apache.catalina.startup.VersionLoggerListener log
INFO: CATALINA_HOME:         C:\tomcat
Feb 05, 2019 5:07:11 PM org.apache.catalina.startup.VersionLoggerListener log
INFO: Command line argument: -Djava.util.logging.config.file=C:\tomcat\conf\logging.properties
Feb 05, 2019 5:07:11 PM org.apache.catalina.startup.VersionLoggerListener log
INFO: Command line argument: -Djava.util.logging.manager=org.apache.juli.ClassLoaderLogManager
Feb 05, 2019 5:07:11 PM org.apache.catalina.startup.VersionLoggerListener log
INFO: Command line argument: -Djdk.tls.ephemeralDHKeySize=2048
Feb 05, 2019 5:07:11 PM org.apache.catalina.startup.VersionLoggerListener log
INFO: Command line argument: -Djava.endorsed.dirs=C:\tomcat\endorsed
Feb 05, 2019 5:07:11 PM org.apache.catalina.startup.VersionLoggerListener log
INFO: Command line argument: -Dcatalina.base=C:\tomcat
Feb 05, 2019 5:07:11 PM org.apache.catalina.startup.VersionLoggerListener log
INFO: Command line argument: -Dcatalina.home=C:\tomcat
Feb 05, 2019 5:07:11 PM org.apache.catalina.startup.VersionLoggerListener log
INFO: Command line argument: -Djava.io.tmpdir=C:\tomcat\temp
Feb 05, 2019 5:07:11 PM org.apache.catalina.core.AprLifecycleListener lifecycleEvent
INFO: Loaded APR based Apache Tomcat Native library 1.2.12 using APR version 1.5.2.
Feb 05, 2019 5:07:11 PM org.apache.catalina.core.AprLifecycleListener lifecycleEvent
INFO: APR capabilities: IPv6 [true], sendfile [true], accept filters [false], random [true].
Feb 05, 2019 5:07:12 PM org.apache.catalina.core.AprLifecycleListener initializeSSL
INFO: OpenSSL successfully initialized (OpenSSL 1.0.2k  26 Jan 2017)
Feb 05, 2019 5:07:13 PM org.apache.coyote.AbstractProtocol init
INFO: Initializing ProtocolHandler ["http-apr-8080"]
Feb 05, 2019 5:07:13 PM org.apache.coyote.AbstractProtocol init
INFO: Initializing ProtocolHandler ["ajp-apr-8009"]
Feb 05, 2019 5:07:13 PM org.apache.catalina.startup.Catalina load
INFO: Initialization processed in 2989 ms
Feb 05, 2019 5:07:13 PM org.apache.catalina.core.StandardService startInternal
INFO: Starting service Catalina
Feb 05, 2019 5:07:13 PM org.apache.catalina.core.StandardEngine startInternal
INFO: Starting Servlet Engine: Apache Tomcat/7.0.81
Feb 05, 2019 5:07:13 PM org.apache.catalina.startup.HostConfig deployDirectory
INFO: Deploying web application directory C:\tomcat\webapps\docs
Feb 05, 2019 5:07:14 PM org.apache.catalina.util.SessionIdGeneratorBase createSecureRandom
WARNING: Creation of SecureRandom instance for session ID generation using [SHA1PRNG] took [340] milliseconds.
Feb 05, 2019 5:07:14 PM org.apache.catalina.startup.HostConfig deployDirectory
INFO: Deployment of web application directory C:\tomcat\webapps\docs has finished in 1,159 ms
Feb 05, 2019 5:07:14 PM org.apache.catalina.startup.HostConfig deployDirectory
INFO: Deploying web application directory C:\tomcat\webapps\examples
Feb 05, 2019 5:07:16 PM org.apache.catalina.startup.HostConfig deployDirectory
INFO: Deployment of web application directory C:\tomcat\webapps\examples has finished in 2,032 ms
Feb 05, 2019 5:07:16 PM org.apache.catalina.startup.HostConfig deployDirectory
INFO: Deploying web application directory C:\tomcat\webapps\host-manager
Feb 05, 2019 5:07:16 PM org.apache.catalina.startup.HostConfig deployDirectory
INFO: Deployment of web application directory C:\tomcat\webapps\host-manager has finished in 245 ms
Feb 05, 2019 5:07:16 PM org.apache.catalina.startup.HostConfig deployDirectory
INFO: Deploying web application directory C:\tomcat\webapps\manager
Feb 05, 2019 5:07:17 PM org.apache.catalina.startup.HostConfig deployDirectory
INFO: Deployment of web application directory C:\tomcat\webapps\manager has finished in 444 ms
Feb 05, 2019 5:07:17 PM org.apache.catalina.startup.HostConfig deployDirectory
INFO: Deploying web application directory C:\tomcat\webapps\midp
Feb 05, 2019 5:07:17 PM org.apache.catalina.startup.HostConfig deployDirectory
INFO: Deployment of web application directory C:\tomcat\webapps\midp has finished in 129 ms
Feb 05, 2019 5:07:17 PM org.apache.catalina.startup.HostConfig deployDirectory
INFO: Deploying web application directory C:\tomcat\webapps\ROOT
Feb 05, 2019 5:07:17 PM org.apache.catalina.startup.HostConfig deployDirectory
INFO: Deployment of web application directory C:\tomcat\webapps\ROOT has finished in 79 ms
Feb 05, 2019 5:07:17 PM org.apache.coyote.AbstractProtocol start
INFO: Starting ProtocolHandler ["http-apr-8080"]
Feb 05, 2019 5:07:17 PM org.apache.coyote.AbstractProtocol start
INFO: Starting ProtocolHandler ["ajp-apr-8009"]
Feb 05, 2019 5:07:17 PM org.apache.catalina.startup.Catalina start
INFO: Server startup in 4415 ms
Feb 05, 2019 5:30:12 PM org.apache.catalina.startup.Catalina stopServer
SEVERE: Could not contact localhost:8005. Tomcat may not be running.
Feb 05, 2019 5:30:12 PM org.apache.catalina.startup.Catalina stopServer
SEVERE: Catalina.stop: 
java.net.ConnectException: Connection refused: connect
	at java.net.DualStackPlainSocketImpl.connect0(Native Method)
	at java.net.DualStackPlainSocketImpl.socketConnect(Unknown Source)
	at java.net.AbstractPlainSocketImpl.doConnect(Unknown Source)
	at java.net.AbstractPlainSocketImpl.connectToAddress(Unknown Source)
	at java.net.AbstractPlainSocketImpl.connect(Unknown Source)
	at java.net.PlainSocketImpl.connect(Unknown Source)
	at java.net.SocksSocketImpl.connect(Unknown Source)
	at java.net.Socket.connect(Unknown Source)
	at java.net.Socket.connect(Unknown Source)
	at java.net.Socket.<init>(Unknown Source)
	at java.net.Socket.<init>(Unknown Source)
	at org.apache.catalina.startup.Catalina.stopServer(Catalina.java:499)
	at sun.reflect.NativeMethodAccessorImpl.invoke0(Native Method)
	at sun.reflect.NativeMethodAccessorImpl.invoke(Unknown Source)
	at sun.reflect.DelegatingMethodAccessorImpl.invoke(Unknown Source)
	at java.lang.reflect.Method.invoke(Unknown Source)
	at org.apache.catalina.startup.Bootstrap.stopServer(Bootstrap.java:343)
	at org.apache.catalina.startup.Bootstrap.main(Bootstrap.java:430)

