Feb 26, 2019 2:11:25 PM org.apache.catalina.core.ApplicationContext log
INFO: ContextListener: contextInitialized()
Feb 26, 2019 2:11:25 PM org.apache.catalina.core.ApplicationContext log
INFO: SessionListener: contextInitialized()
Feb 26, 2019 2:11:25 PM org.apache.catalina.core.ApplicationContext log
INFO: ContextListener: attributeAdded('org.apache.jasper.compiler.TldLocationsCache', 'org.apache.jasper.compiler.TldLocationsCache@4d7256dc')
Feb 26, 2019 2:20:03 PM org.apache.catalina.core.ApplicationContext log
INFO: ContextListener: contextInitialized()
Feb 26, 2019 2:20:03 PM org.apache.catalina.core.ApplicationContext log
INFO: SessionListener: contextInitialized()
Feb 26, 2019 2:20:03 PM org.apache.catalina.core.ApplicationContext log
INFO: ContextListener: attributeAdded('org.apache.jasper.compiler.TldLocationsCache', 'org.apache.jasper.compiler.TldLocationsCache@5e73050c')
Feb 26, 2019 2:20:04 PM org.apache.catalina.core.ApplicationContext log
INFO: SessionListener: contextDestroyed()
Feb 26, 2019 2:20:04 PM org.apache.catalina.core.ApplicationContext log
INFO: ContextListener: contextDestroyed()
Feb 26, 2019 2:20:30 PM org.apache.catalina.core.ApplicationContext log
INFO: SessionListener: contextDestroyed()
Feb 26, 2019 2:20:30 PM org.apache.catalina.core.ApplicationContext log
INFO: ContextListener: contextDestroyed()
Feb 26, 2019 2:21:57 PM org.apache.catalina.core.ApplicationContext log
INFO: ContextListener: contextInitialized()
Feb 26, 2019 2:21:57 PM org.apache.catalina.core.ApplicationContext log
INFO: SessionListener: contextInitialized()
Feb 26, 2019 2:21:57 PM org.apache.catalina.core.ApplicationContext log
INFO: ContextListener: attributeAdded('org.apache.jasper.compiler.TldLocationsCache', 'org.apache.jasper.compiler.TldLocationsCache@295eacbb')
Feb 26, 2019 2:24:38 PM org.apache.catalina.core.ApplicationContext log
INFO: SessionListener: contextDestroyed()
Feb 26, 2019 2:24:38 PM org.apache.catalina.core.ApplicationContext log
INFO: ContextListener: contextDestroyed()
Feb 26, 2019 2:26:42 PM org.apache.catalina.core.ApplicationContext log
INFO: ContextListener: contextInitialized()
Feb 26, 2019 2:26:42 PM org.apache.catalina.core.ApplicationContext log
INFO: SessionListener: contextInitialized()
Feb 26, 2019 2:26:42 PM org.apache.catalina.core.ApplicationContext log
INFO: ContextListener: attributeAdded('org.apache.jasper.compiler.TldLocationsCache', 'org.apache.jasper.compiler.TldLocationsCache@16d88a03')
Feb 26, 2019 2:28:52 PM org.apache.catalina.core.ApplicationContext log
INFO: SessionListener: contextDestroyed()
Feb 26, 2019 2:28:52 PM org.apache.catalina.core.ApplicationContext log
INFO: ContextListener: contextDestroyed()
Feb 26, 2019 2:29:26 PM org.apache.catalina.core.ApplicationContext log
INFO: ContextListener: contextInitialized()
Feb 26, 2019 2:29:26 PM org.apache.catalina.core.ApplicationContext log
INFO: SessionListener: contextInitialized()
Feb 26, 2019 2:29:26 PM org.apache.catalina.core.ApplicationContext log
INFO: ContextListener: attributeAdded('org.apache.jasper.compiler.TldLocationsCache', 'org.apache.jasper.compiler.TldLocationsCache@488055e2')
Feb 26, 2019 2:55:05 PM org.apache.catalina.core.ApplicationContext log
INFO: SessionListener: contextDestroyed()
Feb 26, 2019 2:55:05 PM org.apache.catalina.core.ApplicationContext log
INFO: ContextListener: contextDestroyed()
Feb 26, 2019 3:05:05 PM org.apache.catalina.core.ApplicationContext log
INFO: ContextListener: contextInitialized()
Feb 26, 2019 3:05:05 PM org.apache.catalina.core.ApplicationContext log
INFO: SessionListener: contextInitialized()
Feb 26, 2019 3:05:05 PM org.apache.catalina.core.ApplicationContext log
INFO: ContextListener: attributeAdded('org.apache.jasper.compiler.TldLocationsCache', 'org.apache.jasper.compiler.TldLocationsCache@4a54e48a')
Feb 26, 2019 3:46:01 PM org.apache.catalina.core.ApplicationContext log
INFO: SessionListener: contextDestroyed()
Feb 26, 2019 3:46:01 PM org.apache.catalina.core.ApplicationContext log
INFO: ContextListener: contextDestroyed()
Feb 26, 2019 4:25:18 PM org.apache.catalina.core.ApplicationContext log
INFO: ContextListener: contextInitialized()
Feb 26, 2019 4:25:18 PM org.apache.catalina.core.ApplicationContext log
INFO: SessionListener: contextInitialized()
Feb 26, 2019 4:25:18 PM org.apache.catalina.core.ApplicationContext log
INFO: ContextListener: attributeAdded('org.apache.jasper.compiler.TldLocationsCache', 'org.apache.jasper.compiler.TldLocationsCache@d80a7cd')
Feb 26, 2019 4:25:44 PM org.apache.catalina.core.ApplicationContext log
INFO: SessionListener: contextDestroyed()
Feb 26, 2019 4:25:44 PM org.apache.catalina.core.ApplicationContext log
INFO: ContextListener: contextDestroyed()
Feb 26, 2019 4:30:02 PM org.apache.catalina.core.ApplicationContext log
INFO: ContextListener: contextInitialized()
Feb 26, 2019 4:30:02 PM org.apache.catalina.core.ApplicationContext log
INFO: SessionListener: contextInitialized()
Feb 26, 2019 4:30:02 PM org.apache.catalina.core.ApplicationContext log
INFO: ContextListener: attributeAdded('org.apache.jasper.compiler.TldLocationsCache', 'org.apache.jasper.compiler.TldLocationsCache@33e3f3f3')
Feb 26, 2019 4:40:36 PM org.apache.catalina.core.ApplicationContext log
INFO: SessionListener: contextDestroyed()
Feb 26, 2019 4:40:36 PM org.apache.catalina.core.ApplicationContext log
INFO: ContextListener: contextDestroyed()
Feb 26, 2019 4:41:53 PM org.apache.catalina.core.ApplicationContext log
INFO: ContextListener: contextInitialized()
Feb 26, 2019 4:41:53 PM org.apache.catalina.core.ApplicationContext log
INFO: SessionListener: contextInitialized()
Feb 26, 2019 4:41:53 PM org.apache.catalina.core.ApplicationContext log
INFO: ContextListener: attributeAdded('org.apache.jasper.compiler.TldLocationsCache', 'org.apache.jasper.compiler.TldLocationsCache@d80a7cd')
Feb 26, 2019 4:50:40 PM org.apache.catalina.core.ApplicationContext log
INFO: SessionListener: contextDestroyed()
Feb 26, 2019 4:50:40 PM org.apache.catalina.core.ApplicationContext log
INFO: ContextListener: contextDestroyed()
